<?xml version="1.0" encoding="UTF-8"?>
<!-- Generated by org.testng.reporters.JUnitReportReporter -->
<testsuite hostname="LAPTOP-MJA9L9M3" failures="0" tests="5" name="testcases.LoginTest" time="23.386" errors="0" timestamp="2025-03-24T20:58:43 IST" skipped="0">
  <testcase classname="testcases.LoginTest" name="verifyMultiCreds" time="2.836"/>
  <testcase classname="testcases.LoginTest" name="verifyMultiCreds" time="4.520"/>
  <testcase classname="testcases.LoginTest" name="verifyMultiCreds" time="3.757"/>
  <testcase classname="testcases.LoginTest" name="verifyMultiCreds" time="4.024"/>
  <testcase classname="testcases.LoginTest" name="verifyMultiCreds" time="8.249"/>
</testsuite> <!-- testcases.LoginTest -->
