<?xml version="1.0" encoding="UTF-8"?>
<!-- Generated by org.testng.reporters.JUnitReportReporter -->
<testsuite hostname="LAPTOP-MJA9L9M3" failures="0" tests="5" name="testcases.CartTest" time="20.798" errors="0" timestamp="2025-03-24T20:42:02 IST" skipped="0">
  <testcase classname="testcases.CartTest" name="Remove3ProductfromCartAndRemanintContinueOnChecoutStepOneTest" time="3.800"/>
  <testcase classname="testcases.CartTest" name="removeProductFromCartTest" time="4.238"/>
  <testcase classname="testcases.CartTest" name="verifyCheckoutBtnTest" time="3.789"/>
  <testcase classname="testcases.CartTest" name="verifyTitleOfCartPageTest" time="3.808"/>
  <testcase classname="testcases.CartTest" name="verifycontinueShoppingBtnTest" time="5.163"/>
</testsuite> <!-- testcases.CartTest -->
