<?xml version="1.0" encoding="UTF-8"?>
<!-- Generated by org.testng.reporters.JUnitReportReporter -->
<testsuite hostname="LAPTOP-MJA9L9M3" failures="0" tests="1" name="testcases.InventoryPageTest" time="4.785" errors="0" timestamp="2025-03-20T14:29:14 IST" skipped="0">
  <testcase classname="testcases.InventoryPageTest" name="verifyTwitterLogoTest" time="4.785"/>
  <system-out/>
</testsuite> <!-- testcases.InventoryPageTest -->
