<?xml version="1.0" encoding="UTF-8"?>
<!-- Generated by org.testng.reporters.JUnitReportReporter -->
<testsuite hostname="LAPTOP-MJA9L9M3" failures="0" tests="1" name="testcases.CartTest" time="6.010" errors="0" timestamp="2025-03-12T13:19:59 IST" skipped="0">
  <testcase classname="testcases.CartTest" name="removeProductFromCartTest" time="6.010"/>
  <system-out/>
</testsuite> <!-- testcases.CartTest -->
