<?xml version="1.0" encoding="UTF-8"?>
<!-- Generated by org.testng.reporters.JUnitReportReporter -->
<testsuite hostname="LAPTOP-MJA9L9M3" failures="0" tests="1" name="testcases.CheckoutStepOneTest" time="12.447" errors="0" timestamp="2025-03-12T16:52:18 IST" skipped="0">
  <testcase classname="testcases.CheckoutStepOneTest" name="enterAllfieldTest" time="12.447"/>
  <system-out/>
</testsuite> <!-- testcases.CheckoutStepOneTest -->
