<?xml version="1.0" encoding="UTF-8"?>
<!-- Generated by org.testng.reporters.JUnitReportReporter -->
<testsuite hostname="LAPTOP-MJA9L9M3" failures="0" tests="1" name="testcases.CheckoutTest" time="5.705" errors="0" timestamp="2025-03-06T15:50:10 IST" skipped="0">
  <testcase classname="testcases.CheckoutTest" name="verifyURlOfCheckoutpageTest" time="5.705"/>
  <system-out/>
</testsuite> <!-- testcases.CheckoutTest -->
