<?xml version="1.0" encoding="UTF-8"?>
<!-- Generated by org.testng.reporters.JUnitReportReporter -->
<testsuite hostname="LAPTOP-MJA9L9M3" failures="0" tests="1" name="testcases.Test1" time="0.008" errors="0" timestamp="2025-02-24T19:23:11 IST" skipped="0">
  <testcase classname="testcases.Test1" name="testcase" time="0.008"/>
  <system-out/>
</testsuite> <!-- testcases.Test1 -->
