<?xml version="1.0" encoding="UTF-8"?>
<!-- Generated by org.testng.reporters.JUnitReportReporter -->
<testsuite hostname="LAPTOP-MJA9L9M3" failures="0" tests="11" name="testcases.InventoryPageTest" time="40.477" errors="0" timestamp="2025-03-24T20:56:38 IST" skipped="0">
  <testcase classname="testcases.InventoryPageTest" name="verifyFooterTxtTest" time="3.508"/>
  <testcase classname="testcases.InventoryPageTest" name="verifyMenuListTest" time="4.154"/>
  <testcase classname="testcases.InventoryPageTest" name="verifyTwitterLogoTest" time="3.166"/>
  <testcase classname="testcases.InventoryPageTest" name="verifyURLOfAPPlicationTest" time="3.312"/>
  <testcase classname="testcases.InventoryPageTest" name="verifyRemove2ProductTest" time="3.873">
    <system-out>
      <![CDATA[Total count Item=4]]>
    </system-out>
  </testcase> <!-- verifyRemove2ProductTest -->
  <testcase classname="testcases.InventoryPageTest" name="verifyTitleOfAPPlicationTest" time="3.126"/>
  <testcase classname="testcases.InventoryPageTest" name="verifyFacebookLogoTest" time="3.481"/>
  <testcase classname="testcases.InventoryPageTest" name="verifyLinkedInLogoTest" time="4.892"/>
  <testcase classname="testcases.InventoryPageTest" name="verifySwagLabsAppLogoTest" time="3.735"/>
  <testcase classname="testcases.InventoryPageTest" name="verifyTitleOfInventoryPageTest" time="3.349"/>
  <testcase classname="testcases.InventoryPageTest" name="verifyAdd6ItemTest" time="3.881">
    <system-out>
      <![CDATA[Total count Item=6]]>
    </system-out>
  </testcase> <!-- verifyAdd6ItemTest -->
  <system-out>
    <![CDATA[Total count Item=6
Total count Item=4]]>
  </system-out>
</testsuite> <!-- testcases.InventoryPageTest -->
