<?xml version="1.0" encoding="UTF-8"?>
<!-- Generated by org.testng.reporters.JUnitReportReporter -->
<testsuite hostname="LAPTOP-MJA9L9M3" failures="0" tests="8" name="testcases.CheckoutStepOneTest" time="34.537" errors="0" timestamp="2025-03-24T20:55:39 IST" skipped="0">
  <testcase classname="testcases.CheckoutStepOneTest" name="fillUpdetailsToContinueTest" time="4.456"/>
  <testcase classname="testcases.CheckoutStepOneTest" name="postalCodeIsEmptyErrMsgTest" time="4.369"/>
  <testcase classname="testcases.CheckoutStepOneTest" name="verifyURlOfCheckoutpageTest" time="3.656"/>
  <testcase classname="testcases.CheckoutStepOneTest" name="lastNameIsEmptyErrMsgTest" time="5.560"/>
  <testcase classname="testcases.CheckoutStepOneTest" name="AllFieldEmptyErrMsgTest" time="4.869"/>
  <testcase classname="testcases.CheckoutStepOneTest" name="enterAllfieldTest" time="4.084"/>
  <testcase classname="testcases.CheckoutStepOneTest" name="verifyTitleOfCheckoutStep1PageTest" time="3.634"/>
  <testcase classname="testcases.CheckoutStepOneTest" name="firstNameIsEmptyErrMsgTest" time="3.909"/>
</testsuite> <!-- testcases.CheckoutStepOneTest -->
