<?xml version="1.0" encoding="UTF-8"?>
<!-- Generated by org.testng.reporters.JUnitReportReporter -->
<testsuite hostname="LAPTOP-MJA9L9M3" failures="0" tests="1" name="testcases.CheckoutCompleteTest" time="6.625" errors="0" timestamp="2025-03-12T17:22:35 IST" skipped="0">
  <testcase classname="testcases.CheckoutCompleteTest" name="verifyitleOfCompletePageTest" time="6.625"/>
  <system-out/>
</testsuite> <!-- testcases.CheckoutCompleteTest -->
